Using pre-set license
Built from '2021.3/staging' branch; Version is '2021.3.2f1 (d6360bedb9a0) revision 14038539'; Using compiler version '192829333'; Build Type 'Release'
OS: 'Windows 10  (10.0.19044) 64bit Core' Language: 'en' Physical Memory: 16325 MB
BatchMode: 1, IsHumanControllingUs: 0, StartBugReporterOnCrash: 0, Is64bit: 1, IsPro: 1

COMMAND LINE ARGUMENTS:
E:\UnityPractice\2021.3.2f1\Editor\Unity.exe
-adb2
-batchMode
-noUpm
-name
AssetImportWorker1
-projectPath
C:/Users/Jem/Documents/GitHub/Unity3DTutorial/Car/Car Experiment
-logFile
Logs/AssetImportWorker1.log
-srvPort
61072
Successfully changed project path to: C:/Users/Jem/Documents/GitHub/Unity3DTutorial/Car/Car Experiment
C:/Users/Jem/Documents/GitHub/Unity3DTutorial/Car/Car Experiment
[UnityMemory] Configuration Parameters - Can be set up in boot.config
    "memorysetup-bucket-allocator-granularity=16"
    "memorysetup-bucket-allocator-bucket-count=8"
    "memorysetup-bucket-allocator-block-size=33554432"
    "memorysetup-bucket-allocator-block-count=8"
    "memorysetup-main-allocator-block-size=16777216"
    "memorysetup-thread-allocator-block-size=16777216"
    "memorysetup-gfx-main-allocator-block-size=16777216"
    "memorysetup-gfx-thread-allocator-block-size=16777216"
    "memorysetup-cache-allocator-block-size=4194304"
    "memorysetup-typetree-allocator-block-size=2097152"
    "memorysetup-profiler-bucket-allocator-granularity=16"
    "memorysetup-profiler-bucket-allocator-bucket-count=8"
    "memorysetup-profiler-bucket-allocator-block-size=33554432"
    "memorysetup-profiler-bucket-allocator-block-count=8"
    "memorysetup-profiler-allocator-block-size=16777216"
    "memorysetup-profiler-editor-allocator-block-size=1048576"
    "memorysetup-temp-allocator-size-main=16777216"
    "memorysetup-job-temp-allocator-block-size=2097152"
    "memorysetup-job-temp-allocator-block-size-background=1048576"
    "memorysetup-job-temp-allocator-reduction-small-platforms=262144"
    "memorysetup-temp-allocator-size-background-worker=32768"
    "memorysetup-temp-allocator-size-job-worker=262144"
    "memorysetup-temp-allocator-size-preload-manager=33554432"
    "memorysetup-temp-allocator-size-nav-mesh-worker=65536"
    "memorysetup-temp-allocator-size-audio-worker=65536"
    "memorysetup-temp-allocator-size-cloud-worker=32768"
    "memorysetup-temp-allocator-size-gi-baking-worker=262144"
    "memorysetup-temp-allocator-size-gfx=262144"
Refreshing native plugins compatible for Editor in 105.40 ms, found 3 plugins.
Preloading 0 native plugins for Editor in 0.00 ms.
Initialize engine version: 2021.3.2f1 (d6360bedb9a0)
[Subsystems] Discovering subsystems at path E:/UnityPractice/2021.3.2f1/Editor/Data/Resources/UnitySubsystems
[Subsystems] Discovering subsystems at path C:/Users/Jem/Documents/GitHub/Unity3DTutorial/Car/Car Experiment/Assets
GfxDevice: creating device client; threaded=0; jobified=0
Direct3D:
    Version:  Direct3D 11.0 [level 11.1]
    Renderer: NVIDIA GeForce GTX 1060 3GB (ID=0x1c02)
    Vendor:   NVIDIA
    VRAM:     2988 MB
    Driver:   27.21.14.5671
Initialize mono
Mono path[0] = 'E:/UnityPractice/2021.3.2f1/Editor/Data/Managed'
Mono path[1] = 'E:/UnityPractice/2021.3.2f1/Editor/Data/MonoBleedingEdge/lib/mono/unityjit-win32'
Mono config path = 'E:/UnityPractice/2021.3.2f1/Editor/Data/MonoBleedingEdge/etc'
Using monoOptions --debugger-agent=transport=dt_socket,embedding=1,server=y,suspend=n,address=127.0.0.1:56120
Begin MonoManager ReloadAssembly
Registering precompiled unity dll's ...
Register platform support module: E:/UnityPractice/2021.3.2f1/Editor/Data/PlaybackEngines/WebGLSupport/UnityEditor.WebGL.Extensions.dll
Register platform support module: E:/UnityPractice/2021.3.2f1/Editor/Data/PlaybackEngines/WindowsStandaloneSupport/UnityEditor.WindowsStandalone.Extensions.dll
Registered in 0.005943 seconds.
Native extension for WindowsStandalone target not found
Native extension for WebGL target not found
Refreshing native plugins compatible for Editor in 92.12 ms, found 3 plugins.
Preloading 0 native plugins for Editor in 0.00 ms.
Mono: successfully reloaded assembly
- Completed reload, in  0.902 seconds
Domain Reload Profiling:
	ReloadAssembly (905ms)
		BeginReloadAssembly (100ms)
			ExecutionOrderSort (0ms)
			DisableScriptedObjects (0ms)
			BackupInstance (0ms)
			ReleaseScriptingObjects (0ms)
			CreateAndSetChildDomain (1ms)
		EndReloadAssembly (693ms)
			LoadAssemblies (100ms)
			RebuildTransferFunctionScriptingTraits (0ms)
			SetupTypeCache (126ms)
			ReleaseScriptCaches (0ms)
			RebuildScriptCaches (30ms)
			SetupLoadedEditorAssemblies (466ms)
				LogAssemblyErrors (0ms)
				InitializePlatformSupportModulesInManaged (10ms)
				SetLoadedEditorAssemblies (0ms)
				RefreshPlugins (92ms)
				BeforeProcessingInitializeOnLoad (2ms)
				ProcessInitializeOnLoadAttributes (253ms)
				ProcessInitializeOnLoadMethodAttributes (109ms)
				AfterProcessingInitializeOnLoad (0ms)
				EditorAssembliesLoaded (0ms)
			ExecutionOrderSort2 (0ms)
			AwakeInstancesAfterBackupRestoration (0ms)
Platform modules already initialized, skipping
Registering precompiled user dll's ...
Registered in 0.024574 seconds.
Begin MonoManager ReloadAssembly
Symbol file LoadedFromMemory doesn't match image C:\Users\Jem\Documents\GitHub\Unity3DTutorial\Car\Car Experiment\Library\PackageCache\com.unity.visualscripting@1.7.6\Editor\VisualScripting.Core\Dependencies\YamlDotNet\Unity.VisualScripting.YamlDotNet.dll
Symbol file LoadedFromMemory doesn't match image C:\Users\Jem\Documents\GitHub\Unity3DTutorial\Car\Car Experiment\Library\PackageCache\com.unity.visualscripting@1.7.6\Editor\VisualScripting.Core\Dependencies\DotNetZip\Unity.VisualScripting.IonicZip.dll
Native extension for WindowsStandalone target not found
Native extension for WebGL target not found
Refreshing native plugins compatible for Editor in 0.50 ms, found 3 plugins.
Preloading 0 native plugins for Editor in 0.00 ms.
Mono: successfully reloaded assembly
- Completed reload, in  1.087 seconds
Domain Reload Profiling:
	ReloadAssembly (1088ms)
		BeginReloadAssembly (139ms)
			ExecutionOrderSort (0ms)
			DisableScriptedObjects (6ms)
			BackupInstance (0ms)
			ReleaseScriptingObjects (0ms)
			CreateAndSetChildDomain (19ms)
		EndReloadAssembly (833ms)
			LoadAssemblies (121ms)
			RebuildTransferFunctionScriptingTraits (0ms)
			SetupTypeCache (270ms)
			ReleaseScriptCaches (1ms)
			RebuildScriptCaches (48ms)
			SetupLoadedEditorAssemblies (388ms)
				LogAssemblyErrors (0ms)
				InitializePlatformSupportModulesInManaged (6ms)
				SetLoadedEditorAssemblies (0ms)
				RefreshPlugins (1ms)
				BeforeProcessingInitializeOnLoad (91ms)
				ProcessInitializeOnLoadAttributes (252ms)
				ProcessInitializeOnLoadMethodAttributes (34ms)
				AfterProcessingInitializeOnLoad (5ms)
				EditorAssembliesLoaded (0ms)
			ExecutionOrderSort2 (0ms)
			AwakeInstancesAfterBackupRestoration (8ms)
Platform modules already initialized, skipping
========================================================================
Worker process is ready to serve import requests
Launched and connected shader compiler UnityShaderCompiler.exe after 0.08 seconds
Refreshing native plugins compatible for Editor in 0.85 ms, found 3 plugins.
Preloading 0 native plugins for Editor in 0.00 ms.
Unloading 3360 Unused Serialized files (Serialized files now loaded: 0)
Unloading 26 unused Assets / (112.6 KB). Loaded Objects now: 3817.
Memory consumption went from 115.6 MB to 115.5 MB.
Total: 5.256100 ms (FindLiveObjects: 0.529000 ms CreateObjectMapping: 0.490500 ms MarkObjects: 4.132800 ms  DeleteObjects: 0.102400 ms)

AssetImportParameters requested are different than current active one (requested -> active):
  custom:video-decoder-ogg-theora: a1e56fd34408186e4bbccfd4996cb3dc -> 
  custom:container-muxer-webm: aa71ff27fc2769a1b78a27578f13a17b -> 
  custom:container-demuxer-webm: 4f35f7cbe854078d1ac9338744f61a02 -> 
  custom:video-encoder-webm-vp8: eb34c28f22e8b96e1ab97ce403110664 -> 
  custom:video-codec-MediaFoundation-h265: 746d11721c4dcdbdad8f713fa42b33f4 -> 
  custom:audio-encoder-webm-vorbis: bf7c407c2cedff20999df2af8eb42d56 -> 
  custom:framework-win-MediaFoundation: 216162199b28c13a410421893ffa2e32 -> 
  custom:container-demuxer-ogg: 62fdf1f143b41e24485cea50d1cbac27 -> 
  custom:video-decoder-webm-vp8: 9c59270c3fd7afecdb556c50c9e8de78 -> 
  custom:audio-decoder-ogg-vorbis: bf7c407c2cedff20999df2af8eb42d56 -> 
========================================================================
Received Import Request.
  Time since last request: 136136.516489 seconds.
  path: Assets/Scenes/SampleScene.unity
  artifactKey: Guid(9fc0d4010bbf28b4594072e72b8655ab) Importer(815301076,1909f56bfc062723c751e8b465ee728b)
Start importing Assets/Scenes/SampleScene.unity using Guid(9fc0d4010bbf28b4594072e72b8655ab) Importer(815301076,1909f56bfc062723c751e8b465ee728b)  -> (artifact id: 'e55ccaa32d8e5c1de03c07a5412c8c3c') in 0.009989 seconds 
========================================================================
Received Import Request.
  Time since last request: 3946.981635 seconds.
  path: Assets/Truck.prefab
  artifactKey: Guid(1855fe0bc6b285b43aa3f596715832c5) Importer(815301076,1909f56bfc062723c751e8b465ee728b)
Start importing Assets/Truck.prefab using Guid(1855fe0bc6b285b43aa3f596715832c5) Importer(815301076,1909f56bfc062723c751e8b465ee728b)  -> (artifact id: '340caa4f1289db1c44547ca2c4debfce') in 0.436792 seconds 
========================================================================
Received Import Request.
  Time since last request: 17.132394 seconds.
  path: Assets/Truck.prefab
  artifactKey: Guid(1855fe0bc6b285b43aa3f596715832c5) Importer(815301076,1909f56bfc062723c751e8b465ee728b)
Start importing Assets/Truck.prefab using Guid(1855fe0bc6b285b43aa3f596715832c5) Importer(815301076,1909f56bfc062723c751e8b465ee728b)  -> (artifact id: 'ec8afdccfd89ce42053d89c7fe4f5f27') in 0.051455 seconds 
========================================================================
Received Import Request.
  Time since last request: 5.237004 seconds.
  path: Assets/Truck.prefab
  artifactKey: Guid(1855fe0bc6b285b43aa3f596715832c5) Importer(815301076,1909f56bfc062723c751e8b465ee728b)
Start importing Assets/Truck.prefab using Guid(1855fe0bc6b285b43aa3f596715832c5) Importer(815301076,1909f56bfc062723c751e8b465ee728b)  -> (artifact id: '9a5c717a6cb48cc9a749952e5aa0b971') in 0.014561 seconds 
========================================================================
Received Import Request.
  Time since last request: 1.957359 seconds.
  path: Assets/Truck.prefab
  artifactKey: Guid(1855fe0bc6b285b43aa3f596715832c5) Importer(815301076,1909f56bfc062723c751e8b465ee728b)
Start importing Assets/Truck.prefab using Guid(1855fe0bc6b285b43aa3f596715832c5) Importer(815301076,1909f56bfc062723c751e8b465ee728b)  -> (artifact id: '552aaee4cf7cd6e90e61118a4d20eb23') in 0.015451 seconds 
========================================================================
Received Import Request.
  Time since last request: 4.809631 seconds.
  path: Assets/Truck.prefab
  artifactKey: Guid(1855fe0bc6b285b43aa3f596715832c5) Importer(815301076,1909f56bfc062723c751e8b465ee728b)
Start importing Assets/Truck.prefab using Guid(1855fe0bc6b285b43aa3f596715832c5) Importer(815301076,1909f56bfc062723c751e8b465ee728b)  -> (artifact id: 'f93cf57fede867a94fda25ad3832162b') in 0.013558 seconds 
========================================================================
Received Import Request.
  Time since last request: 4.041727 seconds.
  path: Assets/Truck.prefab
  artifactKey: Guid(1855fe0bc6b285b43aa3f596715832c5) Importer(815301076,1909f56bfc062723c751e8b465ee728b)
Start importing Assets/Truck.prefab using Guid(1855fe0bc6b285b43aa3f596715832c5) Importer(815301076,1909f56bfc062723c751e8b465ee728b)  -> (artifact id: '2181fd60f2749c2889fb7e09c1703f9c') in 0.024366 seconds 
========================================================================
Received Import Request.
  Time since last request: 6.420702 seconds.
  path: Assets/Truck.prefab
  artifactKey: Guid(1855fe0bc6b285b43aa3f596715832c5) Importer(815301076,1909f56bfc062723c751e8b465ee728b)
Start importing Assets/Truck.prefab using Guid(1855fe0bc6b285b43aa3f596715832c5) Importer(815301076,1909f56bfc062723c751e8b465ee728b)  -> (artifact id: 'a049b7b7a744b6e69384f281343f15c4') in 0.013976 seconds 
========================================================================
Received Import Request.
  Time since last request: 3.627832 seconds.
  path: Assets/Truck.prefab
  artifactKey: Guid(1855fe0bc6b285b43aa3f596715832c5) Importer(815301076,1909f56bfc062723c751e8b465ee728b)
Start importing Assets/Truck.prefab using Guid(1855fe0bc6b285b43aa3f596715832c5) Importer(815301076,1909f56bfc062723c751e8b465ee728b)  -> (artifact id: 'bf960967973182ea511dda53cc60e928') in 0.015408 seconds 
========================================================================
Received Import Request.
  Time since last request: 5.419435 seconds.
  path: Assets/Truck.prefab
  artifactKey: Guid(1855fe0bc6b285b43aa3f596715832c5) Importer(815301076,1909f56bfc062723c751e8b465ee728b)
Start importing Assets/Truck.prefab using Guid(1855fe0bc6b285b43aa3f596715832c5) Importer(815301076,1909f56bfc062723c751e8b465ee728b)  -> (artifact id: '6cf3050e417517f2f4aed37806f5af86') in 0.014987 seconds 
========================================================================
Received Import Request.
  Time since last request: 56.412502 seconds.
  path: Assets/Truck.prefab
  artifactKey: Guid(1855fe0bc6b285b43aa3f596715832c5) Importer(815301076,1909f56bfc062723c751e8b465ee728b)
Start importing Assets/Truck.prefab using Guid(1855fe0bc6b285b43aa3f596715832c5) Importer(815301076,1909f56bfc062723c751e8b465ee728b)  -> (artifact id: 'deac5fc66a211827aca118552a975a44') in 0.013917 seconds 
========================================================================
Received Import Request.
  Time since last request: 5.871037 seconds.
  path: Assets/Truck.prefab
  artifactKey: Guid(1855fe0bc6b285b43aa3f596715832c5) Importer(815301076,1909f56bfc062723c751e8b465ee728b)
Start importing Assets/Truck.prefab using Guid(1855fe0bc6b285b43aa3f596715832c5) Importer(815301076,1909f56bfc062723c751e8b465ee728b)  -> (artifact id: '28ba60458b244b952f56557633968420') in 0.013381 seconds 
========================================================================
Received Import Request.
  Time since last request: 7.057978 seconds.
  path: Assets/Truck.prefab
  artifactKey: Guid(1855fe0bc6b285b43aa3f596715832c5) Importer(815301076,1909f56bfc062723c751e8b465ee728b)
Start importing Assets/Truck.prefab using Guid(1855fe0bc6b285b43aa3f596715832c5) Importer(815301076,1909f56bfc062723c751e8b465ee728b)  -> (artifact id: '828b3514c3f3b8b34a3727dc55cd6fd1') in 0.013771 seconds 
========================================================================
Received Import Request.
  Time since last request: 9.218197 seconds.
  path: Assets/Truck.prefab
  artifactKey: Guid(1855fe0bc6b285b43aa3f596715832c5) Importer(815301076,1909f56bfc062723c751e8b465ee728b)
Start importing Assets/Truck.prefab using Guid(1855fe0bc6b285b43aa3f596715832c5) Importer(815301076,1909f56bfc062723c751e8b465ee728b)  -> (artifact id: '077fb5b6b09be0c05d365b1e2cead626') in 0.014064 seconds 
========================================================================
Received Import Request.
  Time since last request: 6.222503 seconds.
  path: Assets/Truck.prefab
  artifactKey: Guid(1855fe0bc6b285b43aa3f596715832c5) Importer(815301076,1909f56bfc062723c751e8b465ee728b)
Start importing Assets/Truck.prefab using Guid(1855fe0bc6b285b43aa3f596715832c5) Importer(815301076,1909f56bfc062723c751e8b465ee728b)  -> (artifact id: '7f374b6220a3e2c07e5e044a45d41051') in 0.013065 seconds 
========================================================================
Received Import Request.
  Time since last request: 9.492445 seconds.
  path: Assets/Truck.prefab
  artifactKey: Guid(1855fe0bc6b285b43aa3f596715832c5) Importer(815301076,1909f56bfc062723c751e8b465ee728b)
Start importing Assets/Truck.prefab using Guid(1855fe0bc6b285b43aa3f596715832c5) Importer(815301076,1909f56bfc062723c751e8b465ee728b)  -> (artifact id: '6a350c58cbaa450d882cb3db092b662e') in 0.019789 seconds 
========================================================================
Received Import Request.
  Time since last request: 3.416785 seconds.
  path: Assets/Truck.prefab
  artifactKey: Guid(1855fe0bc6b285b43aa3f596715832c5) Importer(815301076,1909f56bfc062723c751e8b465ee728b)
Start importing Assets/Truck.prefab using Guid(1855fe0bc6b285b43aa3f596715832c5) Importer(815301076,1909f56bfc062723c751e8b465ee728b)  -> (artifact id: 'fa159cc92197dbc9d64cc2d677511e12') in 0.012044 seconds 
========================================================================
Received Import Request.
  Time since last request: 4.031827 seconds.
  path: Assets/Truck.prefab
  artifactKey: Guid(1855fe0bc6b285b43aa3f596715832c5) Importer(815301076,1909f56bfc062723c751e8b465ee728b)
Start importing Assets/Truck.prefab using Guid(1855fe0bc6b285b43aa3f596715832c5) Importer(815301076,1909f56bfc062723c751e8b465ee728b)  -> (artifact id: '37a784c68b6c18d56b1a9c84867838d9') in 0.013418 seconds 
========================================================================
Received Import Request.
  Time since last request: 9.055621 seconds.
  path: Assets/Truck.prefab
  artifactKey: Guid(1855fe0bc6b285b43aa3f596715832c5) Importer(815301076,1909f56bfc062723c751e8b465ee728b)
Start importing Assets/Truck.prefab using Guid(1855fe0bc6b285b43aa3f596715832c5) Importer(815301076,1909f56bfc062723c751e8b465ee728b)  -> (artifact id: '069128cd7de368bb9ed6f728b84649d6') in 0.016412 seconds 
========================================================================
Received Import Request.
  Time since last request: 12.753434 seconds.
  path: Assets/Truck.prefab
  artifactKey: Guid(1855fe0bc6b285b43aa3f596715832c5) Importer(815301076,1909f56bfc062723c751e8b465ee728b)
Start importing Assets/Truck.prefab using Guid(1855fe0bc6b285b43aa3f596715832c5) Importer(815301076,1909f56bfc062723c751e8b465ee728b)  -> (artifact id: '4b8d2973e420a68a9fe7d3c5fd3d1095') in 0.013596 seconds 
========================================================================
Received Import Request.
  Time since last request: 4.590373 seconds.
  path: Assets/Truck.prefab
  artifactKey: Guid(1855fe0bc6b285b43aa3f596715832c5) Importer(815301076,1909f56bfc062723c751e8b465ee728b)
Start importing Assets/Truck.prefab using Guid(1855fe0bc6b285b43aa3f596715832c5) Importer(815301076,1909f56bfc062723c751e8b465ee728b)  -> (artifact id: '456c1fea24e4cec1ee1018788f7c7280') in 0.013232 seconds 
========================================================================
Received Import Request.
  Time since last request: 6.464849 seconds.
  path: Assets/Truck.prefab
  artifactKey: Guid(1855fe0bc6b285b43aa3f596715832c5) Importer(815301076,1909f56bfc062723c751e8b465ee728b)
Start importing Assets/Truck.prefab using Guid(1855fe0bc6b285b43aa3f596715832c5) Importer(815301076,1909f56bfc062723c751e8b465ee728b)  -> (artifact id: '192306790c46e0bb31d2979c31ce15c5') in 0.013596 seconds 
========================================================================
Received Import Request.
  Time since last request: 983.079925 seconds.
  path: Assets/Tree_Textures/normal_specular.png
  artifactKey: Guid(db890e6055565e34591f1006f3dda194) Importer(815301076,1909f56bfc062723c751e8b465ee728b)
Start importing Assets/Tree_Textures/normal_specular.png using Guid(db890e6055565e34591f1006f3dda194) Importer(815301076,1909f56bfc062723c751e8b465ee728b)  -> (artifact id: 'f0a9c221fe6be51a689819d76e2c924a') in 0.228575 seconds 
========================================================================
Received Import Request.
  Time since last request: 0.000022 seconds.
  path: Assets/Tree_Textures/shadow.png
  artifactKey: Guid(aa57d59c4c27dea4eb07148be8b5a7ab) Importer(815301076,1909f56bfc062723c751e8b465ee728b)
Start importing Assets/Tree_Textures/shadow.png using Guid(aa57d59c4c27dea4eb07148be8b5a7ab) Importer(815301076,1909f56bfc062723c751e8b465ee728b)  -> (artifact id: 'd88a7c49ebb5e1c95f8e132e816ba0f1') in 0.015143 seconds 
========================================================================
Received Prepare
Registering precompiled user dll's ...
Registered in 0.009529 seconds.
Begin MonoManager ReloadAssembly
Symbol file LoadedFromMemory doesn't match image C:\Users\Jem\Documents\GitHub\Unity3DTutorial\Car\Car Experiment\Library\PackageCache\com.unity.visualscripting@1.7.6\Editor\VisualScripting.Core\Dependencies\YamlDotNet\Unity.VisualScripting.YamlDotNet.dll
Symbol file LoadedFromMemory doesn't match image C:\Users\Jem\Documents\GitHub\Unity3DTutorial\Car\Car Experiment\Library\PackageCache\com.unity.visualscripting@1.7.6\Editor\VisualScripting.Core\Dependencies\DotNetZip\Unity.VisualScripting.IonicZip.dll
Native extension for WindowsStandalone target not found
Native extension for WebGL target not found
Refreshing native plugins compatible for Editor in 0.76 ms, found 3 plugins.
Preloading 0 native plugins for Editor in 0.00 ms.
Mono: successfully reloaded assembly
- Completed reload, in  1.157 seconds
Domain Reload Profiling:
	ReloadAssembly (1158ms)
		BeginReloadAssembly (255ms)
			ExecutionOrderSort (0ms)
			DisableScriptedObjects (8ms)
			BackupInstance (0ms)
			ReleaseScriptingObjects (0ms)
			CreateAndSetChildDomain (89ms)
		EndReloadAssembly (801ms)
			LoadAssemblies (139ms)
			RebuildTransferFunctionScriptingTraits (0ms)
			SetupTypeCache (291ms)
			ReleaseScriptCaches (1ms)
			RebuildScriptCaches (46ms)
			SetupLoadedEditorAssemblies (333ms)
				LogAssemblyErrors (0ms)
				InitializePlatformSupportModulesInManaged (15ms)
				SetLoadedEditorAssemblies (1ms)
				RefreshPlugins (1ms)
				BeforeProcessingInitializeOnLoad (73ms)
				ProcessInitializeOnLoadAttributes (214ms)
				ProcessInitializeOnLoadMethodAttributes (25ms)
				AfterProcessingInitializeOnLoad (5ms)
				EditorAssembliesLoaded (0ms)
			ExecutionOrderSort2 (0ms)
			AwakeInstancesAfterBackupRestoration (8ms)
Platform modules already initialized, skipping
Refreshing native plugins compatible for Editor in 3.11 ms, found 3 plugins.
Preloading 0 native plugins for Editor in 0.00 ms.
Unloading 3356 Unused Serialized files (Serialized files now loaded: 0)
Unloading 19 unused Assets / (79.3 KB). Loaded Objects now: 3834.
Memory consumption went from 120.1 MB to 120.0 MB.
Total: 3.461600 ms (FindLiveObjects: 0.290800 ms CreateObjectMapping: 0.089400 ms MarkObjects: 2.922700 ms  DeleteObjects: 0.157700 ms)

AssetImportParameters requested are different than current active one (requested -> active):
  custom:video-decoder-ogg-theora: a1e56fd34408186e4bbccfd4996cb3dc -> 
  custom:container-muxer-webm: aa71ff27fc2769a1b78a27578f13a17b -> 
  custom:container-demuxer-webm: 4f35f7cbe854078d1ac9338744f61a02 -> 
  custom:video-encoder-webm-vp8: eb34c28f22e8b96e1ab97ce403110664 -> 
  custom:video-codec-MediaFoundation-h265: 746d11721c4dcdbdad8f713fa42b33f4 -> 
  custom:audio-encoder-webm-vorbis: bf7c407c2cedff20999df2af8eb42d56 -> 
  custom:framework-win-MediaFoundation: 216162199b28c13a410421893ffa2e32 -> 
  custom:container-demuxer-ogg: 62fdf1f143b41e24485cea50d1cbac27 -> 
  custom:video-decoder-webm-vp8: 9c59270c3fd7afecdb556c50c9e8de78 -> 
  custom:audio-decoder-ogg-vorbis: bf7c407c2cedff20999df2af8eb42d56 -> 
========================================================================
Received Prepare
Registering precompiled user dll's ...
Registered in 0.010424 seconds.
Begin MonoManager ReloadAssembly
Symbol file LoadedFromMemory doesn't match image C:\Users\Jem\Documents\GitHub\Unity3DTutorial\Car\Car Experiment\Library\PackageCache\com.unity.visualscripting@1.7.6\Editor\VisualScripting.Core\Dependencies\YamlDotNet\Unity.VisualScripting.YamlDotNet.dll
Symbol file LoadedFromMemory doesn't match image C:\Users\Jem\Documents\GitHub\Unity3DTutorial\Car\Car Experiment\Library\PackageCache\com.unity.visualscripting@1.7.6\Editor\VisualScripting.Core\Dependencies\DotNetZip\Unity.VisualScripting.IonicZip.dll
Native extension for WindowsStandalone target not found
Native extension for WebGL target not found
Refreshing native plugins compatible for Editor in 0.40 ms, found 3 plugins.
Preloading 0 native plugins for Editor in 0.00 ms.
Mono: successfully reloaded assembly
- Completed reload, in  1.046 seconds
Domain Reload Profiling:
	ReloadAssembly (1047ms)
		BeginReloadAssembly (170ms)
			ExecutionOrderSort (0ms)
			DisableScriptedObjects (5ms)
			BackupInstance (0ms)
			ReleaseScriptingObjects (0ms)
			CreateAndSetChildDomain (35ms)
		EndReloadAssembly (773ms)
			LoadAssemblies (123ms)
			RebuildTransferFunctionScriptingTraits (0ms)
			SetupTypeCache (270ms)
			ReleaseScriptCaches (1ms)
			RebuildScriptCaches (37ms)
			SetupLoadedEditorAssemblies (326ms)
				LogAssemblyErrors (0ms)
				InitializePlatformSupportModulesInManaged (12ms)
				SetLoadedEditorAssemblies (1ms)
				RefreshPlugins (0ms)
				BeforeProcessingInitializeOnLoad (74ms)
				ProcessInitializeOnLoadAttributes (209ms)
				ProcessInitializeOnLoadMethodAttributes (26ms)
				AfterProcessingInitializeOnLoad (4ms)
				EditorAssembliesLoaded (0ms)
			ExecutionOrderSort2 (0ms)
			AwakeInstancesAfterBackupRestoration (9ms)
Platform modules already initialized, skipping
Refreshing native plugins compatible for Editor in 2.66 ms, found 3 plugins.
Preloading 0 native plugins for Editor in 0.00 ms.
Unloading 3356 Unused Serialized files (Serialized files now loaded: 0)
Unloading 19 unused Assets / (79.3 KB). Loaded Objects now: 3837.
Memory consumption went from 120.1 MB to 120.0 MB.
Total: 2.390100 ms (FindLiveObjects: 0.225500 ms CreateObjectMapping: 0.087100 ms MarkObjects: 2.010100 ms  DeleteObjects: 0.066500 ms)

AssetImportParameters requested are different than current active one (requested -> active):
  custom:video-decoder-ogg-theora: a1e56fd34408186e4bbccfd4996cb3dc -> 
  custom:container-muxer-webm: aa71ff27fc2769a1b78a27578f13a17b -> 
  custom:container-demuxer-webm: 4f35f7cbe854078d1ac9338744f61a02 -> 
  custom:video-encoder-webm-vp8: eb34c28f22e8b96e1ab97ce403110664 -> 
  custom:video-codec-MediaFoundation-h265: 746d11721c4dcdbdad8f713fa42b33f4 -> 
  custom:audio-encoder-webm-vorbis: bf7c407c2cedff20999df2af8eb42d56 -> 
  custom:framework-win-MediaFoundation: 216162199b28c13a410421893ffa2e32 -> 
  custom:container-demuxer-ogg: 62fdf1f143b41e24485cea50d1cbac27 -> 
  custom:video-decoder-webm-vp8: 9c59270c3fd7afecdb556c50c9e8de78 -> 
  custom:audio-decoder-ogg-vorbis: bf7c407c2cedff20999df2af8eb42d56 -> 
========================================================================
Received Import Request.
  Time since last request: 1983.774330 seconds.
  path: Assets/PrintToConsole.cs
  artifactKey: Guid(5ec15bbc1c4cad94c9cc6ae20bb9ceb3) Importer(815301076,1909f56bfc062723c751e8b465ee728b)
Start importing Assets/PrintToConsole.cs using Guid(5ec15bbc1c4cad94c9cc6ae20bb9ceb3) Importer(815301076,1909f56bfc062723c751e8b465ee728b)  -> (artifact id: 'c071adffb06da63df18df1e4af42cd80') in 0.021349 seconds 
========================================================================
Received Prepare
Registering precompiled user dll's ...
Registered in 0.010609 seconds.
Begin MonoManager ReloadAssembly
Symbol file LoadedFromMemory doesn't match image C:\Users\Jem\Documents\GitHub\Unity3DTutorial\Car\Car Experiment\Library\PackageCache\com.unity.visualscripting@1.7.6\Editor\VisualScripting.Core\Dependencies\YamlDotNet\Unity.VisualScripting.YamlDotNet.dll
Symbol file LoadedFromMemory doesn't match image C:\Users\Jem\Documents\GitHub\Unity3DTutorial\Car\Car Experiment\Library\PackageCache\com.unity.visualscripting@1.7.6\Editor\VisualScripting.Core\Dependencies\DotNetZip\Unity.VisualScripting.IonicZip.dll
Native extension for WindowsStandalone target not found
Native extension for WebGL target not found
Refreshing native plugins compatible for Editor in 0.65 ms, found 3 plugins.
Preloading 0 native plugins for Editor in 0.00 ms.
Mono: successfully reloaded assembly
- Completed reload, in  1.173 seconds
Domain Reload Profiling:
	ReloadAssembly (1173ms)
		BeginReloadAssembly (175ms)
			ExecutionOrderSort (0ms)
			DisableScriptedObjects (5ms)
			BackupInstance (0ms)
			ReleaseScriptingObjects (0ms)
			CreateAndSetChildDomain (43ms)
		EndReloadAssembly (892ms)
			LoadAssemblies (118ms)
			RebuildTransferFunctionScriptingTraits (0ms)
			SetupTypeCache (314ms)
			ReleaseScriptCaches (1ms)
			RebuildScriptCaches (44ms)
			SetupLoadedEditorAssemblies (390ms)
				LogAssemblyErrors (0ms)
				InitializePlatformSupportModulesInManaged (16ms)
				SetLoadedEditorAssemblies (1ms)
				RefreshPlugins (1ms)
				BeforeProcessingInitializeOnLoad (88ms)
				ProcessInitializeOnLoadAttributes (249ms)
				ProcessInitializeOnLoadMethodAttributes (30ms)
				AfterProcessingInitializeOnLoad (5ms)
				EditorAssembliesLoaded (0ms)
			ExecutionOrderSort2 (0ms)
			AwakeInstancesAfterBackupRestoration (10ms)
Platform modules already initialized, skipping
Refreshing native plugins compatible for Editor in 2.53 ms, found 3 plugins.
Preloading 0 native plugins for Editor in 0.00 ms.
Unloading 3356 Unused Serialized files (Serialized files now loaded: 0)
Unloading 19 unused Assets / (79.4 KB). Loaded Objects now: 3840.
Memory consumption went from 120.1 MB to 120.0 MB.
Total: 5.538200 ms (FindLiveObjects: 0.450000 ms CreateObjectMapping: 0.181000 ms MarkObjects: 4.808800 ms  DeleteObjects: 0.097400 ms)

AssetImportParameters requested are different than current active one (requested -> active):
  custom:video-decoder-ogg-theora: a1e56fd34408186e4bbccfd4996cb3dc -> 
  custom:container-muxer-webm: aa71ff27fc2769a1b78a27578f13a17b -> 
  custom:container-demuxer-webm: 4f35f7cbe854078d1ac9338744f61a02 -> 
  custom:video-encoder-webm-vp8: eb34c28f22e8b96e1ab97ce403110664 -> 
  custom:video-codec-MediaFoundation-h265: 746d11721c4dcdbdad8f713fa42b33f4 -> 
  custom:audio-encoder-webm-vorbis: bf7c407c2cedff20999df2af8eb42d56 -> 
  custom:framework-win-MediaFoundation: 216162199b28c13a410421893ffa2e32 -> 
  custom:container-demuxer-ogg: 62fdf1f143b41e24485cea50d1cbac27 -> 
  custom:video-decoder-webm-vp8: 9c59270c3fd7afecdb556c50c9e8de78 -> 
  custom:audio-decoder-ogg-vorbis: bf7c407c2cedff20999df2af8eb42d56 -> 
========================================================================
Received Prepare
Registering precompiled user dll's ...
Registered in 0.010683 seconds.
Begin MonoManager ReloadAssembly
Symbol file LoadedFromMemory doesn't match image C:\Users\Jem\Documents\GitHub\Unity3DTutorial\Car\Car Experiment\Library\PackageCache\com.unity.visualscripting@1.7.6\Editor\VisualScripting.Core\Dependencies\YamlDotNet\Unity.VisualScripting.YamlDotNet.dll
Symbol file LoadedFromMemory doesn't match image C:\Users\Jem\Documents\GitHub\Unity3DTutorial\Car\Car Experiment\Library\PackageCache\com.unity.visualscripting@1.7.6\Editor\VisualScripting.Core\Dependencies\DotNetZip\Unity.VisualScripting.IonicZip.dll
Native extension for WindowsStandalone target not found
Native extension for WebGL target not found
Refreshing native plugins compatible for Editor in 0.81 ms, found 3 plugins.
Preloading 0 native plugins for Editor in 0.00 ms.
Mono: successfully reloaded assembly
- Completed reload, in  1.199 seconds
Domain Reload Profiling:
	ReloadAssembly (1199ms)
		BeginReloadAssembly (161ms)
			ExecutionOrderSort (0ms)
			DisableScriptedObjects (5ms)
			BackupInstance (0ms)
			ReleaseScriptingObjects (0ms)
			CreateAndSetChildDomain (32ms)
		EndReloadAssembly (928ms)
			LoadAssemblies (128ms)
			RebuildTransferFunctionScriptingTraits (0ms)
			SetupTypeCache (331ms)
			ReleaseScriptCaches (1ms)
			RebuildScriptCaches (48ms)
			SetupLoadedEditorAssemblies (395ms)
				LogAssemblyErrors (0ms)
				InitializePlatformSupportModulesInManaged (16ms)
				SetLoadedEditorAssemblies (1ms)
				RefreshPlugins (1ms)
				BeforeProcessingInitializeOnLoad (87ms)
				ProcessInitializeOnLoadAttributes (247ms)
				ProcessInitializeOnLoadMethodAttributes (39ms)
				AfterProcessingInitializeOnLoad (5ms)
				EditorAssembliesLoaded (0ms)
			ExecutionOrderSort2 (0ms)
			AwakeInstancesAfterBackupRestoration (9ms)
Platform modules already initialized, skipping
Refreshing native plugins compatible for Editor in 3.06 ms, found 3 plugins.
Preloading 0 native plugins for Editor in 0.00 ms.
Unloading 3356 Unused Serialized files (Serialized files now loaded: 0)
Unloading 19 unused Assets / (79.3 KB). Loaded Objects now: 3843.
Memory consumption went from 120.1 MB to 120.1 MB.
Total: 3.371200 ms (FindLiveObjects: 0.322600 ms CreateObjectMapping: 0.327400 ms MarkObjects: 2.595800 ms  DeleteObjects: 0.124600 ms)

AssetImportParameters requested are different than current active one (requested -> active):
  custom:video-decoder-ogg-theora: a1e56fd34408186e4bbccfd4996cb3dc -> 
  custom:container-muxer-webm: aa71ff27fc2769a1b78a27578f13a17b -> 
  custom:container-demuxer-webm: 4f35f7cbe854078d1ac9338744f61a02 -> 
  custom:video-encoder-webm-vp8: eb34c28f22e8b96e1ab97ce403110664 -> 
  custom:video-codec-MediaFoundation-h265: 746d11721c4dcdbdad8f713fa42b33f4 -> 
  custom:audio-encoder-webm-vorbis: bf7c407c2cedff20999df2af8eb42d56 -> 
  custom:framework-win-MediaFoundation: 216162199b28c13a410421893ffa2e32 -> 
  custom:container-demuxer-ogg: 62fdf1f143b41e24485cea50d1cbac27 -> 
  custom:video-decoder-webm-vp8: 9c59270c3fd7afecdb556c50c9e8de78 -> 
  custom:audio-decoder-ogg-vorbis: bf7c407c2cedff20999df2af8eb42d56 -> 
========================================================================
Received Prepare
Registering precompiled user dll's ...
Registered in 0.009864 seconds.
Begin MonoManager ReloadAssembly
Symbol file LoadedFromMemory doesn't match image C:\Users\Jem\Documents\GitHub\Unity3DTutorial\Car\Car Experiment\Library\PackageCache\com.unity.visualscripting@1.7.6\Editor\VisualScripting.Core\Dependencies\YamlDotNet\Unity.VisualScripting.YamlDotNet.dll
Symbol file LoadedFromMemory doesn't match image C:\Users\Jem\Documents\GitHub\Unity3DTutorial\Car\Car Experiment\Library\PackageCache\com.unity.visualscripting@1.7.6\Editor\VisualScripting.Core\Dependencies\DotNetZip\Unity.VisualScripting.IonicZip.dll
Native extension for WindowsStandalone target not found
Native extension for WebGL target not found
Refreshing native plugins compatible for Editor in 0.66 ms, found 3 plugins.
Preloading 0 native plugins for Editor in 0.00 ms.
Mono: successfully reloaded assembly
- Completed reload, in  1.152 seconds
Domain Reload Profiling:
	ReloadAssembly (1153ms)
		BeginReloadAssembly (188ms)
			ExecutionOrderSort (0ms)
			DisableScriptedObjects (6ms)
			BackupInstance (0ms)
			ReleaseScriptingObjects (0ms)
			CreateAndSetChildDomain (34ms)
		EndReloadAssembly (845ms)
			LoadAssemblies (145ms)
			RebuildTransferFunctionScriptingTraits (0ms)
			SetupTypeCache (314ms)
			ReleaseScriptCaches (2ms)
			RebuildScriptCaches (44ms)
			SetupLoadedEditorAssemblies (343ms)
				LogAssemblyErrors (0ms)
				InitializePlatformSupportModulesInManaged (13ms)
				SetLoadedEditorAssemblies (0ms)
				RefreshPlugins (1ms)
				BeforeProcessingInitializeOnLoad (81ms)
				ProcessInitializeOnLoadAttributes (217ms)
				ProcessInitializeOnLoadMethodAttributes (25ms)
				AfterProcessingInitializeOnLoad (5ms)
				EditorAssembliesLoaded (0ms)
			ExecutionOrderSort2 (0ms)
			AwakeInstancesAfterBackupRestoration (8ms)
Platform modules already initialized, skipping
Refreshing native plugins compatible for Editor in 3.39 ms, found 3 plugins.
Preloading 0 native plugins for Editor in 0.00 ms.
Unloading 3356 Unused Serialized files (Serialized files now loaded: 0)
Unloading 19 unused Assets / (79.2 KB). Loaded Objects now: 3846.
Memory consumption went from 120.1 MB to 120.1 MB.
Total: 4.221900 ms (FindLiveObjects: 0.330400 ms CreateObjectMapping: 0.118500 ms MarkObjects: 3.663800 ms  DeleteObjects: 0.107700 ms)

AssetImportParameters requested are different than current active one (requested -> active):
  custom:video-decoder-ogg-theora: a1e56fd34408186e4bbccfd4996cb3dc -> 
  custom:container-muxer-webm: aa71ff27fc2769a1b78a27578f13a17b -> 
  custom:container-demuxer-webm: 4f35f7cbe854078d1ac9338744f61a02 -> 
  custom:video-encoder-webm-vp8: eb34c28f22e8b96e1ab97ce403110664 -> 
  custom:video-codec-MediaFoundation-h265: 746d11721c4dcdbdad8f713fa42b33f4 -> 
  custom:audio-encoder-webm-vorbis: bf7c407c2cedff20999df2af8eb42d56 -> 
  custom:framework-win-MediaFoundation: 216162199b28c13a410421893ffa2e32 -> 
  custom:container-demuxer-ogg: 62fdf1f143b41e24485cea50d1cbac27 -> 
  custom:video-decoder-webm-vp8: 9c59270c3fd7afecdb556c50c9e8de78 -> 
  custom:audio-decoder-ogg-vorbis: bf7c407c2cedff20999df2af8eb42d56 -> 
========================================================================
Received Prepare
Registering precompiled user dll's ...
Registered in 0.010372 seconds.
Begin MonoManager ReloadAssembly
Symbol file LoadedFromMemory doesn't match image C:\Users\Jem\Documents\GitHub\Unity3DTutorial\Car\Car Experiment\Library\PackageCache\com.unity.visualscripting@1.7.6\Editor\VisualScripting.Core\Dependencies\YamlDotNet\Unity.VisualScripting.YamlDotNet.dll
Symbol file LoadedFromMemory doesn't match image C:\Users\Jem\Documents\GitHub\Unity3DTutorial\Car\Car Experiment\Library\PackageCache\com.unity.visualscripting@1.7.6\Editor\VisualScripting.Core\Dependencies\DotNetZip\Unity.VisualScripting.IonicZip.dll
Native extension for WindowsStandalone target not found
Native extension for WebGL target not found
Refreshing native plugins compatible for Editor in 0.88 ms, found 3 plugins.
Preloading 0 native plugins for Editor in 0.00 ms.
Mono: successfully reloaded assembly
- Completed reload, in  1.238 seconds
Domain Reload Profiling:
	ReloadAssembly (1239ms)
		BeginReloadAssembly (173ms)
			ExecutionOrderSort (0ms)
			DisableScriptedObjects (6ms)
			BackupInstance (0ms)
			ReleaseScriptingObjects (0ms)
			CreateAndSetChildDomain (32ms)
		EndReloadAssembly (947ms)
			LoadAssemblies (133ms)
			RebuildTransferFunctionScriptingTraits (0ms)
			SetupTypeCache (329ms)
			ReleaseScriptCaches (2ms)
			RebuildScriptCaches (52ms)
			SetupLoadedEditorAssemblies (413ms)
				LogAssemblyErrors (0ms)
				InitializePlatformSupportModulesInManaged (18ms)
				SetLoadedEditorAssemblies (1ms)
				RefreshPlugins (1ms)
				BeforeProcessingInitializeOnLoad (91ms)
				ProcessInitializeOnLoadAttributes (264ms)
				ProcessInitializeOnLoadMethodAttributes (32ms)
				AfterProcessingInitializeOnLoad (6ms)
				EditorAssembliesLoaded (0ms)
			ExecutionOrderSort2 (0ms)
			AwakeInstancesAfterBackupRestoration (10ms)
Platform modules already initialized, skipping
Refreshing native plugins compatible for Editor in 2.68 ms, found 3 plugins.
Preloading 0 native plugins for Editor in 0.00 ms.
Unloading 3356 Unused Serialized files (Serialized files now loaded: 0)
Unloading 19 unused Assets / (79.4 KB). Loaded Objects now: 3849.
Memory consumption went from 120.1 MB to 120.1 MB.
Total: 3.301100 ms (FindLiveObjects: 0.371800 ms CreateObjectMapping: 0.386800 ms MarkObjects: 2.469300 ms  DeleteObjects: 0.072300 ms)

AssetImportParameters requested are different than current active one (requested -> active):
  custom:video-decoder-ogg-theora: a1e56fd34408186e4bbccfd4996cb3dc -> 
  custom:container-muxer-webm: aa71ff27fc2769a1b78a27578f13a17b -> 
  custom:container-demuxer-webm: 4f35f7cbe854078d1ac9338744f61a02 -> 
  custom:video-encoder-webm-vp8: eb34c28f22e8b96e1ab97ce403110664 -> 
  custom:video-codec-MediaFoundation-h265: 746d11721c4dcdbdad8f713fa42b33f4 -> 
  custom:audio-encoder-webm-vorbis: bf7c407c2cedff20999df2af8eb42d56 -> 
  custom:framework-win-MediaFoundation: 216162199b28c13a410421893ffa2e32 -> 
  custom:container-demuxer-ogg: 62fdf1f143b41e24485cea50d1cbac27 -> 
  custom:video-decoder-webm-vp8: 9c59270c3fd7afecdb556c50c9e8de78 -> 
  custom:audio-decoder-ogg-vorbis: bf7c407c2cedff20999df2af8eb42d56 -> 
